
Gurobi 8.1.0 (linux64, Python) logging started Sat Dec  1 18:38:16 2018


Gurobi 8.1.0 (linux64, Python) logging started Sat Dec  1 18:39:04 2018


Gurobi 8.1.0 (linux64, Python) logging started Sat Dec  1 18:39:28 2018

Optimize a model with 100 rows, 100 columns and 304 nonzeros
Variable types: 0 continuous, 100 integer (100 binary)
Coefficient statistics:
  Matrix range     [1e+00, 1e+00]
  Objective range  [1e+01, 3e+01]
  Bounds range     [1e+00, 1e+00]
  RHS range        [1e+00, 1e+01]
Found heuristic solution: objective 68.2842712
Presolve removed 90 rows and 80 columns
Presolve time: 0.00s
Presolved: 10 rows, 20 columns, 40 nonzeros
Variable types: 0 continuous, 20 integer (20 binary)

Root relaxation: objective 5.414214e+01, 9 iterations, 0.00 seconds

    Nodes    |    Current Node    |     Objective Bounds      |     Work
 Expl Unexpl |  Obj  Depth IntInf | Incumbent    BestBd   Gap | It/Node Time

*    0     0               0      54.1421356   54.14214  0.00%     -    0s

Explored 0 nodes (9 simplex iterations) in 0.00 seconds
Thread count was 8 (of 8 available processors)

Solution count 2: 54.1421 68.2843 

Optimal solution found (tolerance 1.00e-04)
Best objective 5.414213562373e+01, best bound 5.414213562373e+01, gap 0.0000%

Gurobi 8.1.0 (linux64, Python) logging started Sat Dec  1 18:42:56 2018

Optimize a model with 759 rows, 960 columns and 2700 nonzeros
Variable types: 0 continuous, 960 integer (960 binary)
Coefficient statistics:
  Matrix range     [1e+00, 1e+00]
  Objective range  [8e+00, 6e+01]
  Bounds range     [1e+00, 1e+00]
  RHS range        [1e+00, 9e+01]
Found heuristic solution: objective 486.5210161
Presolve removed 727 rows and 720 columns
Presolve time: 0.00s
Presolved: 32 rows, 240 columns, 480 nonzeros
Variable types: 0 continuous, 240 integer (240 binary)

Root relaxation: objective 2.028175e+02, 28 iterations, 0.00 seconds

    Nodes    |    Current Node    |     Objective Bounds      |     Work
 Expl Unexpl |  Obj  Depth IntInf | Incumbent    BestBd   Gap | It/Node Time

*    0     0               0     202.8175440  202.81754  0.00%     -    0s

Explored 0 nodes (28 simplex iterations) in 0.00 seconds
Thread count was 8 (of 8 available processors)

Solution count 2: 202.818 486.521 

Optimal solution found (tolerance 1.00e-04)
Best objective 2.028175439740e+02, best bound 2.028175439740e+02, gap 0.0000%

Gurobi 8.1.0 (linux64, Python) logging started Sat Dec  1 18:49:47 2018

Optimize a model with 100 rows, 100 columns and 304 nonzeros
Variable types: 0 continuous, 100 integer (100 binary)
Coefficient statistics:
  Matrix range     [1e+00, 1e+00]
  Objective range  [1e+01, 3e+01]
  Bounds range     [1e+00, 1e+00]
  RHS range        [1e+00, 1e+01]
Found heuristic solution: objective 68.2842712
Presolve removed 90 rows and 80 columns
Presolve time: 0.00s
Presolved: 10 rows, 20 columns, 40 nonzeros
Variable types: 0 continuous, 20 integer (20 binary)

Root relaxation: objective 5.414214e+01, 9 iterations, 0.00 seconds

    Nodes    |    Current Node    |     Objective Bounds      |     Work
 Expl Unexpl |  Obj  Depth IntInf | Incumbent    BestBd   Gap | It/Node Time

*    0     0               0      54.1421356   54.14214  0.00%     -    0s

Explored 0 nodes (9 simplex iterations) in 0.00 seconds
Thread count was 8 (of 8 available processors)

Solution count 2: 54.1421 68.2843 

Optimal solution found (tolerance 1.00e-04)
Best objective 5.414213562373e+01, best bound 5.414213562373e+01, gap 0.0000%

Gurobi 8.1.0 (linux64, Python) logging started Sat Dec  1 18:56:01 2018

Optimize a model with 100 rows, 100 columns and 304 nonzeros
Variable types: 0 continuous, 100 integer (100 binary)
Coefficient statistics:
  Matrix range     [1e+00, 1e+00]
  Objective range  [1e+01, 3e+01]
  Bounds range     [1e+00, 1e+00]
  RHS range        [1e+00, 1e+01]
Found heuristic solution: objective 68.2842712
Presolve removed 90 rows and 80 columns
Presolve time: 0.00s
Presolved: 10 rows, 20 columns, 40 nonzeros
Variable types: 0 continuous, 20 integer (20 binary)

Root relaxation: objective 5.414214e+01, 9 iterations, 0.00 seconds

    Nodes    |    Current Node    |     Objective Bounds      |     Work
 Expl Unexpl |  Obj  Depth IntInf | Incumbent    BestBd   Gap | It/Node Time

*    0     0               0      54.1421356   54.14214  0.00%     -    0s

Explored 0 nodes (9 simplex iterations) in 0.00 seconds
Thread count was 8 (of 8 available processors)

Solution count 2: 54.1421 68.2843 

Optimal solution found (tolerance 1.00e-04)
Best objective 5.414213562373e+01, best bound 5.414213562373e+01, gap 0.0000%

Gurobi 8.1.0 (linux64, Python) logging started Sat Dec  1 19:01:35 2018

Optimize a model with 96 rows, 100 columns and 304 nonzeros
Variable types: 0 continuous, 100 integer (100 binary)
Coefficient statistics:
  Matrix range     [1e+00, 1e+00]
  Objective range  [1e+01, 3e+01]
  Bounds range     [1e+00, 1e+00]
  RHS range        [1e+00, 1e+01]
Found heuristic solution: objective 40.0000000
Presolve removed 87 rows and 80 columns
Presolve time: 0.00s
Presolved: 9 rows, 20 columns, 40 nonzeros
Variable types: 0 continuous, 20 integer (20 binary)

Root relaxation: cutoff, 3 iterations, 0.00 seconds

    Nodes    |    Current Node    |     Objective Bounds      |     Work
 Expl Unexpl |  Obj  Depth IntInf | Incumbent    BestBd   Gap | It/Node Time

     0     0     cutoff    0        40.00000   40.00000  0.00%     -    0s

Explored 0 nodes (3 simplex iterations) in 0.00 seconds
Thread count was 8 (of 8 available processors)

Solution count 1: 40 

Optimal solution found (tolerance 1.00e-04)
Best objective 4.000000000000e+01, best bound 4.000000000000e+01, gap 0.0000%

Gurobi 8.1.0 (linux64, Python) logging started Sat Dec  1 19:39:45 2018


Gurobi 8.1.0 (linux64, Python) logging started Sat Dec  1 19:40:01 2018

Optimize a model with 96 rows, 100 columns and 224 nonzeros
Variable types: 0 continuous, 100 integer (100 binary)
Coefficient statistics:
  Matrix range     [1e+00, 1e+00]
  Objective range  [1e+01, 3e+01]
  Bounds range     [1e+00, 1e+00]
  RHS range        [1e+00, 1e+00]
Presolve time: 0.00s

Explored 0 nodes (0 simplex iterations) in 0.00 seconds
Thread count was 1 (of 8 available processors)

Solution count 0

Model is infeasible
Best objective -, best bound -, gap -

Gurobi 8.1.0 (linux64, Python) logging started Sat Dec  1 19:40:36 2018

Optimize a model with 96 rows, 100 columns and 288 nonzeros
Variable types: 0 continuous, 100 integer (100 binary)
Coefficient statistics:
  Matrix range     [1e+00, 3e+00]
  Objective range  [1e+01, 3e+01]
  Bounds range     [1e+00, 1e+00]
  RHS range        [1e+00, 1e+01]
Presolve removed 86 rows and 80 columns
Presolve time: 0.00s

Explored 0 nodes (0 simplex iterations) in 0.00 seconds
Thread count was 1 (of 8 available processors)

Solution count 0

Model is infeasible
Best objective -, best bound -, gap -

Gurobi 8.1.0 (linux64, Python) logging started Sat Dec  1 19:46:58 2018

Error: it isn't a multi-objective model
Error: it isn't a multi-objective model
Error: it isn't a multi-objective model
Error: it isn't a multi-objective model
Error: it isn't a multi-objective model
No solution available
Error: it isn't a multi-objective model
No solution available
Optimize a model with 96 rows, 100 columns and 288 nonzeros
Variable types: 0 continuous, 100 integer (100 binary)
Coefficient statistics:
  Matrix range     [1e+00, 3e+00]
  Objective range  [1e+01, 3e+01]
  Bounds range     [1e+00, 1e+00]
  RHS range        [1e+00, 1e+01]
Presolve removed 86 rows and 80 columns
Presolve time: 0.00s

Explored 0 nodes (0 simplex iterations) in 0.00 seconds
Thread count was 1 (of 8 available processors)

Solution count 0

Model is infeasible
Best objective -, best bound -, gap -

Gurobi 8.1.0 (linux64, Python) logging started Sat Dec  1 19:49:07 2018

Optimize a model with 96 rows, 100 columns and 288 nonzeros
Variable types: 0 continuous, 100 integer (100 binary)
Coefficient statistics:
  Matrix range     [1e+00, 3e+00]
  Objective range  [1e+01, 3e+01]
  Bounds range     [1e+00, 1e+00]
  RHS range        [1e+00, 1e+01]
Presolve removed 86 rows and 80 columns
Presolve time: 0.00s

Explored 0 nodes (0 simplex iterations) in 0.00 seconds
Thread count was 1 (of 8 available processors)

Solution count 0

Model is infeasible
Best objective -, best bound -, gap -

Gurobi 8.1.0 (linux64, Python) logging started Sat Dec  1 19:49:40 2018

Optimize a model with 96 rows, 100 columns and 288 nonzeros
Variable types: 0 continuous, 100 integer (100 binary)
Coefficient statistics:
  Matrix range     [1e+00, 3e+00]
  Objective range  [1e+01, 3e+01]
  Bounds range     [1e+00, 1e+00]
  RHS range        [1e+00, 1e+01]
Presolve removed 86 rows and 80 columns
Presolve time: 0.00s

Explored 0 nodes (0 simplex iterations) in 0.00 seconds
Thread count was 1 (of 8 available processors)

Solution count 0

Model is infeasible
Best objective -, best bound -, gap -

Gurobi 8.1.0 (linux64, Python) logging started Sat Dec  1 19:50:10 2018

Optimize a model with 92 rows, 100 columns and 224 nonzeros
Variable types: 0 continuous, 100 integer (100 binary)
Coefficient statistics:
  Matrix range     [1e+00, 1e+00]
  Objective range  [1e+01, 3e+01]
  Bounds range     [1e+00, 1e+00]
  RHS range        [1e+00, 1e+00]
Found heuristic solution: objective 40.0000000
Presolve removed 83 rows and 80 columns
Presolve time: 0.00s
Presolved: 9 rows, 20 columns, 40 nonzeros
Variable types: 0 continuous, 20 integer (20 binary)

Root relaxation: cutoff, 4 iterations, 0.00 seconds

    Nodes    |    Current Node    |     Objective Bounds      |     Work
 Expl Unexpl |  Obj  Depth IntInf | Incumbent    BestBd   Gap | It/Node Time

     0     0     cutoff    0        40.00000   40.00000  0.00%     -    0s

Explored 0 nodes (4 simplex iterations) in 0.00 seconds
Thread count was 8 (of 8 available processors)

Solution count 1: 40 

Optimal solution found (tolerance 1.00e-04)
Best objective 4.000000000000e+01, best bound 4.000000000000e+01, gap 0.0000%

Gurobi 8.1.0 (linux64, Python) logging started Sat Dec  1 19:50:40 2018

Optimize a model with 4 rows, 100 columns and 64 nonzeros
Variable types: 0 continuous, 100 integer (100 binary)
Coefficient statistics:
  Matrix range     [3e+00, 3e+00]
  Objective range  [1e+01, 3e+01]
  Bounds range     [1e+00, 1e+00]
  RHS range        [1e+01, 1e+01]
Found heuristic solution: objective 0.0000000

Explored 0 nodes (0 simplex iterations) in 0.00 seconds
Thread count was 1 (of 8 available processors)

Solution count 1: 0 

Optimal solution found (tolerance 1.00e-04)
Best objective 0.000000000000e+00, best bound 0.000000000000e+00, gap 0.0000%

Gurobi 8.1.0 (linux64, Python) logging started Sat Dec  1 19:51:12 2018

Optimize a model with 12 rows, 100 columns and 96 nonzeros
Variable types: 0 continuous, 100 integer (100 binary)
Coefficient statistics:
  Matrix range     [1e+00, 3e+00]
  Objective range  [1e+01, 3e+01]
  Bounds range     [1e+00, 1e+00]
  RHS range        [1e+00, 1e+01]
Found heuristic solution: objective 96.5685425
Presolve removed 8 rows and 96 columns
Presolve time: 0.00s
Presolved: 4 rows, 4 columns, 8 nonzeros
Found heuristic solution: objective 40.0000000
Variable types: 0 continuous, 4 integer (4 binary)

Root relaxation: cutoff, 0 iterations, 0.00 seconds

Explored 0 nodes (0 simplex iterations) in 0.00 seconds
Thread count was 8 (of 8 available processors)

Solution count 2: 40 68.2843 

Optimal solution found (tolerance 1.00e-04)
Best objective 4.000000000000e+01, best bound 4.000000000000e+01, gap 0.0000%

Gurobi 8.1.0 (linux64, Python) logging started Sat Dec  1 19:51:36 2018

Optimize a model with 92 rows, 100 columns and 256 nonzeros
Variable types: 0 continuous, 100 integer (100 binary)
Coefficient statistics:
  Matrix range     [1e+00, 3e+00]
  Objective range  [1e+01, 3e+01]
  Bounds range     [1e+00, 1e+00]
  RHS range        [1e+00, 1e+01]
Presolve removed 83 rows and 92 columns
Presolve time: 0.00s

Explored 0 nodes (0 simplex iterations) in 0.00 seconds
Thread count was 1 (of 8 available processors)

Solution count 0

Model is infeasible
Best objective -, best bound -, gap -

Gurobi 8.1.0 (linux64, Python) logging started Sat Dec  1 19:51:56 2018

Optimize a model with 84 rows, 100 columns and 224 nonzeros
Variable types: 0 continuous, 100 integer (100 binary)
Coefficient statistics:
  Matrix range     [1e+00, 3e+00]
  Objective range  [1e+01, 3e+01]
  Bounds range     [1e+00, 1e+00]
  RHS range        [1e+01, 1e+01]
Found heuristic solution: objective 0.0000000

Explored 0 nodes (0 simplex iterations) in 0.00 seconds
Thread count was 1 (of 8 available processors)

Solution count 1: 0 

Optimal solution found (tolerance 1.00e-04)
Best objective 0.000000000000e+00, best bound 0.000000000000e+00, gap 0.0000%

Gurobi 8.1.0 (linux64, Python) logging started Sat Dec  1 19:53:18 2018


Gurobi 8.1.0 (linux64, Python) logging started Sat Dec  1 19:53:35 2018

Optimize a model with 92 rows, 100 columns and 256 nonzeros
Variable types: 0 continuous, 100 integer (100 binary)
Coefficient statistics:
  Matrix range     [1e+00, 3e+00]
  Objective range  [1e+01, 3e+01]
  Bounds range     [1e+00, 1e+00]
  RHS range        [1e+00, 1e+01]
Presolve removed 83 rows and 92 columns
Presolve time: 0.00s

Explored 0 nodes (0 simplex iterations) in 0.00 seconds
Thread count was 1 (of 8 available processors)

Solution count 0

Model is infeasible
Best objective -, best bound -, gap -

Gurobi 8.1.0 (linux64, Python) logging started Sat Dec  1 19:54:09 2018

Optimize a model with 12 rows, 100 columns and 96 nonzeros
Variable types: 0 continuous, 100 integer (100 binary)
Coefficient statistics:
  Matrix range     [1e+00, 3e+00]
  Objective range  [1e+01, 3e+01]
  Bounds range     [1e+00, 1e+00]
  RHS range        [1e+00, 1e+01]
Found heuristic solution: objective 96.5685425
Presolve removed 8 rows and 96 columns
Presolve time: 0.00s
Presolved: 4 rows, 4 columns, 8 nonzeros
Found heuristic solution: objective 40.0000000
Variable types: 0 continuous, 4 integer (4 binary)

Root relaxation: cutoff, 0 iterations, 0.00 seconds

Explored 0 nodes (0 simplex iterations) in 0.00 seconds
Thread count was 8 (of 8 available processors)

Solution count 2: 40 68.2843 

Optimal solution found (tolerance 1.00e-04)
Best objective 4.000000000000e+01, best bound 4.000000000000e+01, gap 0.0000%

Gurobi 8.1.0 (linux64, Python) logging started Sat Dec  1 19:55:52 2018

Optimize a model with 92 rows, 100 columns and 256 nonzeros
Variable types: 0 continuous, 100 integer (100 binary)
Coefficient statistics:
  Matrix range     [1e+00, 3e+00]
  Objective range  [1e+01, 3e+01]
  Bounds range     [1e+00, 1e+00]
  RHS range        [1e+00, 1e+01]
Presolve removed 83 rows and 92 columns
Presolve time: 0.00s

Explored 0 nodes (0 simplex iterations) in 0.00 seconds
Thread count was 1 (of 8 available processors)

Solution count 0

Model is infeasible
Best objective -, best bound -, gap -

Gurobi 8.1.0 (linux64, Python) logging started Sat Dec  1 19:57:13 2018

Optimize a model with 88 rows, 100 columns and 192 nonzeros
Variable types: 0 continuous, 100 integer (100 binary)
Coefficient statistics:
  Matrix range     [1e+00, 1e+00]
  Objective range  [1e+01, 3e+01]
  Bounds range     [1e+00, 1e+00]
  RHS range        [1e+00, 1e+00]
Found heuristic solution: objective 66.5028154
Presolve removed 84 rows and 96 columns
Presolve time: 0.00s
Presolved: 4 rows, 4 columns, 8 nonzeros
Variable types: 0 continuous, 4 integer (4 binary)

Root relaxation: objective 4.000000e+01, 0 iterations, 0.00 seconds

    Nodes    |    Current Node    |     Objective Bounds      |     Work
 Expl Unexpl |  Obj  Depth IntInf | Incumbent    BestBd   Gap | It/Node Time

*    0     0               0      40.0000000   40.00000  0.00%     -    0s

Explored 0 nodes (0 simplex iterations) in 0.00 seconds
Thread count was 8 (of 8 available processors)

Solution count 2: 40 66.5028 

Optimal solution found (tolerance 1.00e-04)
Best objective 4.000000000000e+01, best bound 4.000000000000e+01, gap 0.0000%

Gurobi 8.1.0 (linux64, Python) logging started Sat Dec  1 20:00:16 2018

Optimize a model with 92 rows, 100 columns and 224 nonzeros
Variable types: 0 continuous, 100 integer (100 binary)
Coefficient statistics:
  Matrix range     [1e+00, 1e+00]
  Objective range  [1e+01, 3e+01]
  Bounds range     [1e+00, 1e+00]
  RHS range        [1e+00, 1e+00]
Found heuristic solution: objective 40.0000000
Presolve removed 83 rows and 80 columns
Presolve time: 0.00s
Presolved: 9 rows, 20 columns, 40 nonzeros
Variable types: 0 continuous, 20 integer (20 binary)

Root relaxation: cutoff, 4 iterations, 0.00 seconds

    Nodes    |    Current Node    |     Objective Bounds      |     Work
 Expl Unexpl |  Obj  Depth IntInf | Incumbent    BestBd   Gap | It/Node Time

     0     0     cutoff    0        40.00000   40.00000  0.00%     -    0s

Explored 0 nodes (4 simplex iterations) in 0.00 seconds
Thread count was 8 (of 8 available processors)

Solution count 1: 40 

Optimal solution found (tolerance 1.00e-04)
Best objective 4.000000000000e+01, best bound 4.000000000000e+01, gap 0.0000%

Gurobi 8.1.0 (linux64, Python) logging started Sat Dec  1 20:05:34 2018

Optimize a model with 112 rows, 100 columns and 304 nonzeros
Variable types: 0 continuous, 100 integer (100 binary)
Coefficient statistics:
  Matrix range     [1e+00, 1e+00]
  Objective range  [1e+01, 3e+01]
  Bounds range     [1e+00, 1e+00]
  RHS range        [1e+00, 1e+00]
Presolve removed 80 rows and 80 columns
Presolve time: 0.00s

Explored 0 nodes (0 simplex iterations) in 0.00 seconds
Thread count was 1 (of 8 available processors)

Solution count 0

Model is infeasible
Best objective -, best bound -, gap -

Gurobi 8.1.0 (linux64, Python) logging started Sat Dec  1 20:06:40 2018

Optimize a model with 112 rows, 100 columns and 304 nonzeros
Variable types: 0 continuous, 100 integer (100 binary)
Coefficient statistics:
  Matrix range     [1e+00, 1e+00]
  Objective range  [1e+01, 3e+01]
  Bounds range     [1e+00, 1e+00]
  RHS range        [1e+00, 1e+00]
Presolve removed 100 rows and 100 columns
Presolve time: 0.00s

Explored 0 nodes (0 simplex iterations) in 0.00 seconds
Thread count was 1 (of 8 available processors)

Solution count 0

Model is infeasible
Best objective -, best bound -, gap -

Gurobi 8.1.0 (linux64, Python) logging started Sat Dec  1 20:06:52 2018

Optimize a model with 112 rows, 100 columns and 304 nonzeros
Variable types: 0 continuous, 100 integer (100 binary)
Coefficient statistics:
  Matrix range     [1e+00, 1e+00]
  Objective range  [1e+01, 3e+01]
  Bounds range     [1e+00, 1e+00]
  RHS range        [1e+00, 1e+00]
Presolve removed 80 rows and 80 columns
Presolve time: 0.00s

Explored 0 nodes (0 simplex iterations) in 0.00 seconds
Thread count was 1 (of 8 available processors)

Solution count 0

Model is infeasible
Best objective -, best bound -, gap -

Gurobi 8.1.0 (linux64, Python) logging started Sat Dec  1 20:07:39 2018

Optimize a model with 32 rows, 100 columns and 144 nonzeros
Variable types: 0 continuous, 100 integer (100 binary)
Coefficient statistics:
  Matrix range     [1e+00, 1e+00]
  Objective range  [1e+01, 3e+01]
  Bounds range     [1e+00, 1e+00]
  RHS range        [1e+00, 1e+00]
Found heuristic solution: objective 96.5685425
Presolve removed 20 rows and 68 columns
Presolve time: 0.00s
Presolved: 12 rows, 32 columns, 64 nonzeros
Found heuristic solution: objective 40.0000000
Variable types: 0 continuous, 32 integer (32 binary)

Explored 0 nodes (0 simplex iterations) in 0.00 seconds
Thread count was 8 (of 8 available processors)

Solution count 1: 40 

Optimal solution found (tolerance 1.00e-04)
Best objective 4.000000000000e+01, best bound 4.000000000000e+01, gap 0.0000%

Gurobi 8.1.0 (linux64, Python) logging started Sat Dec  1 20:08:40 2018

Optimize a model with 36 rows, 100 columns and 160 nonzeros
Variable types: 0 continuous, 100 integer (100 binary)
Coefficient statistics:
  Matrix range     [1e+00, 1e+00]
  Objective range  [1e+01, 3e+01]
  Bounds range     [1e+00, 1e+00]
  RHS range        [1e+00, 1e+00]
Found heuristic solution: objective 96.5685425
Presolve removed 20 rows and 68 columns
Presolve time: 0.00s
Presolved: 16 rows, 32 columns, 80 nonzeros
Found heuristic solution: objective 40.0000000
Variable types: 0 continuous, 32 integer (32 binary)

Explored 0 nodes (0 simplex iterations) in 0.00 seconds
Thread count was 8 (of 8 available processors)

Solution count 1: 40 

Optimal solution found (tolerance 1.00e-04)
Best objective 4.000000000000e+01, best bound 4.000000000000e+01, gap 0.0000%

Gurobi 8.1.0 (linux64, Python) logging started Sat Dec  1 20:11:53 2018

Optimize a model with 36 rows, 100 columns and 180 nonzeros
Variable types: 0 continuous, 100 integer (100 binary)
Coefficient statistics:
  Matrix range     [1e+00, 1e+00]
  Objective range  [1e+01, 3e+01]
  Bounds range     [1e+00, 1e+00]
  RHS range        [1e+00, 1e+00]
Found heuristic solution: objective 93.0056308
Presolve removed 20 rows and 56 columns
Presolve time: 0.00s
Presolved: 16 rows, 44 columns, 104 nonzeros
Variable types: 0 continuous, 44 integer (44 binary)

Root relaxation: objective 4.000000e+01, 4 iterations, 0.00 seconds

    Nodes    |    Current Node    |     Objective Bounds      |     Work
 Expl Unexpl |  Obj  Depth IntInf | Incumbent    BestBd   Gap | It/Node Time

*    0     0               0      40.0000000   40.00000  0.00%     -    0s

Explored 0 nodes (4 simplex iterations) in 0.00 seconds
Thread count was 8 (of 8 available processors)

Solution count 2: 40 93.0056 

Optimal solution found (tolerance 1.00e-04)
Best objective 4.000000000000e+01, best bound 4.000000000000e+01, gap 0.0000%

Gurobi 8.1.0 (linux64, Python) logging started Sat Dec  1 20:18:45 2018

Optimize a model with 40 rows, 100 columns and 244 nonzeros
Variable types: 0 continuous, 100 integer (100 binary)
Coefficient statistics:
  Matrix range     [1e+00, 3e+00]
  Objective range  [1e+01, 3e+01]
  Bounds range     [1e+00, 1e+00]
  RHS range        [1e+00, 1e+01]
Found heuristic solution: objective 93.0056308
Presolve removed 8 rows and 8 columns
Presolve time: 0.00s
Presolved: 32 rows, 92 columns, 228 nonzeros
Variable types: 0 continuous, 92 integer (92 binary)

Root relaxation: objective 4.000000e+01, 9 iterations, 0.00 seconds

    Nodes    |    Current Node    |     Objective Bounds      |     Work
 Expl Unexpl |  Obj  Depth IntInf | Incumbent    BestBd   Gap | It/Node Time

*    0     0               0      40.0000000   40.00000  0.00%     -    0s

Explored 0 nodes (9 simplex iterations) in 0.00 seconds
Thread count was 8 (of 8 available processors)

Solution count 2: 40 93.0056 

Optimal solution found (tolerance 1.00e-04)
Best objective 4.000000000000e+01, best bound 4.000000000000e+01, gap 0.0000%

Gurobi 8.1.0 (linux64, Python) logging started Sun Dec  2 00:28:39 2018


Gurobi 8.1.0 (linux64, Python) logging started Sun Dec  2 00:30:10 2018


Gurobi 8.1.0 (linux64, Python) logging started Sun Dec  2 00:45:17 2018

Optimize a model with 20 rows, 40 columns and 68 nonzeros
Variable types: 0 continuous, 40 integer (20 binary)
Coefficient statistics:
  Matrix range     [1e+00, 3e+00]
  Objective range  [1e+01, 3e+01]
  Bounds range     [1e+00, 2e+00]
  RHS range        [1e+00, 1e+01]
Found heuristic solution: objective 96.5685425
Presolve removed 16 rows and 36 columns
Presolve time: 0.00s
Presolved: 4 rows, 4 columns, 8 nonzeros
Found heuristic solution: objective 40.0000000
Variable types: 0 continuous, 4 integer (4 binary)

Root relaxation: cutoff, 0 iterations, 0.00 seconds

Explored 0 nodes (0 simplex iterations) in 0.00 seconds
Thread count was 8 (of 8 available processors)

Solution count 2: 40 68.2843 

Optimal solution found (tolerance 1.00e-04)
Best objective 4.000000000000e+01, best bound 4.000000000000e+01, gap 0.0000%

Gurobi 8.1.0 (linux64, Python) logging started Sun Dec  2 00:48:01 2018

Optimize a model with 20 rows, 40 columns and 84 nonzeros
Variable types: 0 continuous, 40 integer (20 binary)
Coefficient statistics:
  Matrix range     [1e+00, 3e+00]
  Objective range  [1e+01, 3e+01]
  Bounds range     [1e+00, 2e+00]
  RHS range        [1e+00, 1e+01]
Found heuristic solution: objective 93.0056308
Presolve removed 12 rows and 24 columns
Presolve time: 0.00s
Presolved: 8 rows, 16 columns, 32 nonzeros
Found heuristic solution: objective 40.0000000
Variable types: 0 continuous, 16 integer (16 binary)

Explored 0 nodes (0 simplex iterations) in 0.00 seconds
Thread count was 8 (of 8 available processors)

Solution count 1: 40 

Optimal solution found (tolerance 1.00e-04)
Best objective 4.000000000000e+01, best bound 4.000000000000e+01, gap 0.0000%

Gurobi 8.1.0 (linux64, Python) logging started Sun Dec  2 00:54:00 2018

Optimize a model with 100 rows, 40 columns and 324 nonzeros
Variable types: 0 continuous, 40 integer (20 binary)
Coefficient statistics:
  Matrix range     [1e+00, 3e+00]
  Objective range  [1e+01, 3e+01]
  Bounds range     [1e+00, 2e+00]
  RHS range        [1e+00, 1e+01]
Presolve removed 4 rows and 40 columns
Presolve time: 0.00s

Explored 0 nodes (0 simplex iterations) in 0.00 seconds
Thread count was 1 (of 8 available processors)

Solution count 0

Model is infeasible
Best objective -, best bound -, gap -

Gurobi 8.1.0 (linux64, Python) logging started Sun Dec  2 00:56:06 2018


Gurobi 8.1.0 (linux64, Python) logging started Sun Dec  2 00:56:36 2018


Gurobi 8.1.0 (linux64, Python) logging started Sun Dec  2 00:56:54 2018


Gurobi 8.1.0 (linux64, Python) logging started Sun Dec  2 00:57:32 2018


Gurobi 8.1.0 (linux64, Python) logging started Sun Dec  2 00:58:18 2018


Gurobi 8.1.0 (linux64, Python) logging started Sun Dec  2 00:58:47 2018

Optimize a model with 40 rows, 100 columns and 244 nonzeros
Variable types: 0 continuous, 100 integer (100 binary)
Coefficient statistics:
  Matrix range     [1e+00, 3e+00]
  Objective range  [1e+01, 3e+01]
  Bounds range     [1e+00, 1e+00]
  RHS range        [1e+00, 1e+01]
Found heuristic solution: objective 93.0056308
Presolve removed 8 rows and 8 columns
Presolve time: 0.00s
Presolved: 32 rows, 92 columns, 228 nonzeros
Variable types: 0 continuous, 92 integer (92 binary)

Root relaxation: objective 4.000000e+01, 9 iterations, 0.00 seconds

    Nodes    |    Current Node    |     Objective Bounds      |     Work
 Expl Unexpl |  Obj  Depth IntInf | Incumbent    BestBd   Gap | It/Node Time

*    0     0               0      40.0000000   40.00000  0.00%     -    0s

Explored 0 nodes (9 simplex iterations) in 0.00 seconds
Thread count was 8 (of 8 available processors)

Solution count 2: 40 93.0056 

Optimal solution found (tolerance 1.00e-04)
Best objective 4.000000000000e+01, best bound 4.000000000000e+01, gap 0.0000%

Gurobi 8.1.0 (linux64, Python) logging started Sun Dec  2 01:07:07 2018

Optimize a model with 44 rows, 100 columns and 308 nonzeros
Variable types: 0 continuous, 100 integer (100 binary)
Coefficient statistics:
  Matrix range     [1e+00, 3e+00]
  Objective range  [1e+01, 3e+01]
  Bounds range     [1e+00, 1e+00]
  RHS range        [1e+00, 1e+01]
Presolve removed 0 rows and 80 columns
Presolve time: 0.00s

Explored 0 nodes (0 simplex iterations) in 0.00 seconds
Thread count was 1 (of 8 available processors)

Solution count 0

Model is infeasible
Best objective -, best bound -, gap -

Gurobi 8.1.0 (linux64, Python) logging started Sun Dec  2 01:07:30 2018


Gurobi 8.1.0 (linux64, Python) logging started Sun Dec  2 01:07:56 2018


Gurobi 8.1.0 (linux64, Python) logging started Sun Dec  2 10:23:54 2018

Optimize a model with 48 rows, 100 columns and 388 nonzeros
Variable types: 0 continuous, 100 integer (100 binary)
Coefficient statistics:
  Matrix range     [2e-01, 3e+00]
  Objective range  [1e+01, 3e+01]
  Bounds range     [1e+00, 1e+00]
  RHS range        [1e+00, 1e+01]
Found heuristic solution: objective 94.7870866
Presolve removed 12 rows and 8 columns
Presolve time: 0.00s
Presolved: 36 rows, 92 columns, 292 nonzeros
Variable types: 0 continuous, 92 integer (92 binary)

Root relaxation: objective 5.414214e+01, 30 iterations, 0.00 seconds

    Nodes    |    Current Node    |     Objective Bounds      |     Work
 Expl Unexpl |  Obj  Depth IntInf | Incumbent    BestBd   Gap | It/Node Time

     0     0   54.14214    0    8   94.78709   54.14214  42.9%     -    0s
H    0     0                      82.4264069   54.14214  34.3%     -    0s
H    0     0                      68.2842712   54.14214  20.7%     -    0s
     0     0   54.14214    0    8   68.28427   54.14214  20.7%     -    0s
     0     0   54.14214    0    4   68.28427   54.14214  20.7%     -    0s
     0     0   58.85618    0    9   68.28427   58.85618  13.8%     -    0s
     0     0   58.85618    0    6   68.28427   58.85618  13.8%     -    0s

Explored 1 nodes (65 simplex iterations) in 0.01 seconds
Thread count was 8 (of 8 available processors)

Solution count 3: 68.2843 82.4264 94.7871 

Optimal solution found (tolerance 1.00e-04)
Best objective 6.828427124746e+01, best bound 6.828427124746e+01, gap 0.0000%

Gurobi 8.1.0 (linux64, Python) logging started Sun Dec  2 10:32:13 2018

Optimize a model with 68 rows, 100 columns and 548 nonzeros
Variable types: 0 continuous, 100 integer (100 binary)
Coefficient statistics:
  Matrix range     [2e-01, 3e+00]
  Objective range  [1e+01, 3e+01]
  Bounds range     [1e+00, 1e+00]
  RHS range        [1e+00, 1e+01]
Found heuristic solution: objective 96.5685425
Presolve removed 16 rows and 8 columns
Presolve time: 0.00s
Presolved: 52 rows, 92 columns, 420 nonzeros
Variable types: 0 continuous, 92 integer (92 binary)

Root relaxation: objective 5.414214e+01, 27 iterations, 0.00 seconds

    Nodes    |    Current Node    |     Objective Bounds      |     Work
 Expl Unexpl |  Obj  Depth IntInf | Incumbent    BestBd   Gap | It/Node Time

     0     0   54.14214    0   10   96.56854   54.14214  43.9%     -    0s
H    0     0                      82.4264069   54.14214  34.3%     -    0s
H    0     0                      68.2842712   54.14214  20.7%     -    0s
     0     0   54.14214    0   17   68.28427   54.14214  20.7%     -    0s
     0     0   54.14214    0   10   68.28427   54.14214  20.7%     -    0s
     0     0   54.14214    0   10   68.28427   54.14214  20.7%     -    0s
     0     0   54.14214    0   10   68.28427   54.14214  20.7%     -    0s
     0     0   54.14214    0   12   68.28427   54.14214  20.7%     -    0s
     0     0 infeasible    0        68.28427   68.28427  0.00%     -    0s

Explored 1 nodes (125 simplex iterations) in 0.02 seconds
Thread count was 8 (of 8 available processors)

Solution count 3: 68.2843 82.4264 96.5685 

Optimal solution found (tolerance 1.00e-04)
Best objective 6.828427124746e+01, best bound 6.828427124746e+01, gap 0.0000%

Gurobi 8.1.0 (linux64, Python) logging started Sun Dec  2 10:52:16 2018


Gurobi 8.1.0 (linux64, Python) logging started Sun Dec  2 10:52:44 2018

Optimize a model with 80 rows, 100 columns and 572 nonzeros
Variable types: 0 continuous, 100 integer (100 binary)
Coefficient statistics:
  Matrix range     [2e-01, 3e+00]
  Objective range  [1e+01, 3e+01]
  Bounds range     [1e+00, 1e+00]
  RHS range        [1e+00, 1e+01]
Found heuristic solution: objective 82.4264069
Presolve removed 22 rows and 8 columns
Presolve time: 0.00s
Presolved: 58 rows, 92 columns, 432 nonzeros
Variable types: 0 continuous, 92 integer (92 binary)

Root relaxation: objective 6.650282e+01, 43 iterations, 0.00 seconds

    Nodes    |    Current Node    |     Objective Bounds      |     Work
 Expl Unexpl |  Obj  Depth IntInf | Incumbent    BestBd   Gap | It/Node Time

     0     0   66.50282    0   10   82.42641   66.50282  19.3%     -    0s
H    0     0                      80.6449510   66.50282  17.5%     -    0s
H    0     0                      68.2842712   66.50282  2.61%     -    0s
     0     0   66.83684    0   28   68.28427   66.83684  2.12%     -    0s

Cutting planes:
  Gomory: 1
  Implied bound: 2

Explored 1 nodes (143 simplex iterations) in 0.01 seconds
Thread count was 8 (of 8 available processors)

Solution count 3: 68.2843 80.645 82.4264 

Optimal solution found (tolerance 1.00e-04)
Best objective 6.828427124746e+01, best bound 6.828427124746e+01, gap 0.0000%

Gurobi 8.1.0 (linux64, Python) logging started Sun Dec  2 10:54:20 2018

Optimize a model with 60 rows, 100 columns and 412 nonzeros
Variable types: 0 continuous, 100 integer (100 binary)
Coefficient statistics:
  Matrix range     [2e-01, 3e+00]
  Objective range  [1e+01, 3e+01]
  Bounds range     [1e+00, 1e+00]
  RHS range        [1e+00, 1e+01]
Found heuristic solution: objective 94.7870866
Presolve removed 18 rows and 8 columns
Presolve time: 0.00s
Presolved: 42 rows, 92 columns, 304 nonzeros
Variable types: 0 continuous, 92 integer (92 binary)

Root relaxation: objective 6.650282e+01, 32 iterations, 0.00 seconds

    Nodes    |    Current Node    |     Objective Bounds      |     Work
 Expl Unexpl |  Obj  Depth IntInf | Incumbent    BestBd   Gap | It/Node Time

     0     0   66.50282    0    4   94.78709   66.50282  29.8%     -    0s
H    0     0                      68.2842712   66.50282  2.61%     -    0s
     0     0   66.50282    0    4   68.28427   66.50282  2.61%     -    0s
     0     0     cutoff    0        68.28427   68.28427  0.00%     -    0s

Cutting planes:
  Cover: 1
  Implied bound: 2

Explored 1 nodes (70 simplex iterations) in 0.01 seconds
Thread count was 8 (of 8 available processors)

Solution count 2: 68.2843 94.7871 

Optimal solution found (tolerance 1.00e-04)
Best objective 6.828427124746e+01, best bound 6.828427124746e+01, gap 0.0000%

Gurobi 8.1.0 (linux64, Python) logging started Sun Dec  2 10:55:09 2018

Optimize a model with 80 rows, 100 columns and 572 nonzeros
Variable types: 0 continuous, 100 integer (100 binary)
Coefficient statistics:
  Matrix range     [2e-01, 3e+00]
  Objective range  [1e+01, 3e+01]
  Bounds range     [1e+00, 1e+00]
  RHS range        [1e+00, 1e+01]
Found heuristic solution: objective 82.4264069
Presolve removed 22 rows and 8 columns
Presolve time: 0.00s
Presolved: 58 rows, 92 columns, 432 nonzeros
Variable types: 0 continuous, 92 integer (92 binary)

Root relaxation: objective 6.650282e+01, 43 iterations, 0.00 seconds

    Nodes    |    Current Node    |     Objective Bounds      |     Work
 Expl Unexpl |  Obj  Depth IntInf | Incumbent    BestBd   Gap | It/Node Time

     0     0   66.50282    0   10   82.42641   66.50282  19.3%     -    0s
H    0     0                      80.6449510   66.50282  17.5%     -    0s
H    0     0                      68.2842712   66.50282  2.61%     -    0s
     0     0   66.83684    0   28   68.28427   66.83684  2.12%     -    0s

Cutting planes:
  Gomory: 1
  Implied bound: 2

Explored 1 nodes (143 simplex iterations) in 0.01 seconds
Thread count was 8 (of 8 available processors)

Solution count 3: 68.2843 80.645 82.4264 

Optimal solution found (tolerance 1.00e-04)
Best objective 6.828427124746e+01, best bound 6.828427124746e+01, gap 0.0000%

Gurobi 8.1.0 (linux64, Python) logging started Sun Dec  2 10:55:25 2018

Optimize a model with 543 rows, 960 columns and 5475 nonzeros
Variable types: 0 continuous, 960 integer (960 binary)
Coefficient statistics:
  Matrix range     [6e-02, 3e+01]
  Objective range  [8e+00, 6e+01]
  Bounds range     [1e+00, 1e+00]
  RHS range        [1e+00, 9e+01]
Presolve removed 141 rows and 30 columns
Presolve time: 0.01s
Presolved: 402 rows, 930 columns, 4395 nonzeros
Variable types: 0 continuous, 930 integer (930 binary)

Root relaxation: objective 2.174354e+02, 327 iterations, 0.01 seconds

    Nodes    |    Current Node    |     Objective Bounds      |     Work
 Expl Unexpl |  Obj  Depth IntInf | Incumbent    BestBd   Gap | It/Node Time

     0     0  217.43539    0   48          -  217.43539      -     -    0s
H    0     0                     371.2015664  217.43539  41.4%     -    0s
     0     0  244.76656    0   41  371.20157  244.76656  34.1%     -    0s
H    0     0                     326.7893408  244.76656  25.1%     -    0s
     0     0  246.44905    0   44  326.78934  246.44905  24.6%     -    0s
H    0     0                     318.5755639  246.44905  22.6%     -    0s
     0     0  246.44905    0   76  318.57556  246.44905  22.6%     -    0s
     0     0  248.79604    0   62  318.57556  248.79604  21.9%     -    0s
     0     0  248.79604    0   56  318.57556  248.79604  21.9%     -    0s
     0     0  248.79604    0   56  318.57556  248.79604  21.9%     -    0s
     0     0  248.79604    0   54  318.57556  248.79604  21.9%     -    0s
H    0     0                     312.1096306  248.79604  20.3%     -    0s
     0     0  248.79604    0   55  312.10963  248.79604  20.3%     -    0s
     0     0  248.79604    0   40  312.10963  248.79604  20.3%     -    0s
     0     0  248.79604    0   46  312.10963  248.79604  20.3%     -    0s
     0     0  248.79604    0   38  312.10963  248.79604  20.3%     -    0s
     0     0  248.79604    0   38  312.10963  248.79604  20.3%     -    0s
     0     2  248.79604    0   38  312.10963  248.79604  20.3%     -    0s
H   29    30                     295.7547755  249.56589  15.6%  70.4    0s
H   31    32                     272.6021671  249.56589  8.45%  68.9    0s
H   70    59                     267.9122343  249.56589  6.85%  45.0    0s
*  558   296              16     266.5294154  250.41045  6.05%  17.7    0s
H  994   440                     265.2841878  251.75198  5.10%  16.7    1s
H 2958   786                     264.7148571  253.04622  4.41%  16.1    3s

Cutting planes:
  Gomory: 5
  Cover: 6
  Implied bound: 3
  StrongCG: 2
  GUB cover: 1
  Inf proof: 2
  Zero half: 7

Explored 6200 nodes (89463 simplex iterations) in 4.12 seconds
Thread count was 8 (of 8 available processors)

Solution count 10: 264.715 265.284 266.529 ... 371.202

Optimal solution found (tolerance 1.00e-04)
Best objective 2.647148571027e+02, best bound 2.647148571027e+02, gap 0.0000%

Gurobi 8.1.0 (linux64, Python) logging started Sun Dec  2 11:33:46 2018

Optimize a model with 543 rows, 960 columns and 5475 nonzeros
Variable types: 0 continuous, 960 integer (960 binary)
Coefficient statistics:
  Matrix range     [6e-02, 3e+01]
  Objective range  [8e+00, 6e+01]
  Bounds range     [1e+00, 1e+00]
  RHS range        [1e+00, 9e+01]
Presolve removed 141 rows and 30 columns
Presolve time: 0.01s
Presolved: 402 rows, 930 columns, 4395 nonzeros
Variable types: 0 continuous, 930 integer (930 binary)

Root relaxation: objective 2.174354e+02, 327 iterations, 0.01 seconds

    Nodes    |    Current Node    |     Objective Bounds      |     Work
 Expl Unexpl |  Obj  Depth IntInf | Incumbent    BestBd   Gap | It/Node Time

     0     0  217.43539    0   48          -  217.43539      -     -    0s
H    0     0                     371.2015664  217.43539  41.4%     -    0s
     0     0  244.76656    0   41  371.20157  244.76656  34.1%     -    0s
H    0     0                     326.7893408  244.76656  25.1%     -    0s
     0     0  246.44905    0   44  326.78934  246.44905  24.6%     -    0s
H    0     0                     318.5755639  246.44905  22.6%     -    0s
     0     0  246.44905    0   76  318.57556  246.44905  22.6%     -    0s
     0     0  248.79604    0   62  318.57556  248.79604  21.9%     -    0s
     0     0  248.79604    0   56  318.57556  248.79604  21.9%     -    0s
     0     0  248.79604    0   56  318.57556  248.79604  21.9%     -    0s
     0     0  248.79604    0   54  318.57556  248.79604  21.9%     -    0s
H    0     0                     312.1096306  248.79604  20.3%     -    0s
     0     0  248.79604    0   55  312.10963  248.79604  20.3%     -    0s
     0     0  248.79604    0   40  312.10963  248.79604  20.3%     -    0s
     0     0  248.79604    0   46  312.10963  248.79604  20.3%     -    0s
     0     0  248.79604    0   38  312.10963  248.79604  20.3%     -    0s
     0     0  248.79604    0   38  312.10963  248.79604  20.3%     -    0s
     0     2  248.79604    0   38  312.10963  248.79604  20.3%     -    0s
H   29    30                     295.7547755  249.56589  15.6%  70.4    0s
H   31    32                     272.6021671  249.56589  8.45%  68.9    0s
H   70    59                     267.9122343  249.56589  6.85%  45.0    0s
*  558   296              16     266.5294154  250.41045  6.05%  17.7    0s
H  994   440                     265.2841878  251.75198  5.10%  16.7    1s
H 2958   786                     264.7148571  253.04622  4.41%  16.1    3s

Cutting planes:
  Gomory: 5
  Cover: 6
  Implied bound: 3
  StrongCG: 2
  GUB cover: 1
  Inf proof: 2
  Zero half: 7

Explored 6200 nodes (89463 simplex iterations) in 3.99 seconds
Thread count was 8 (of 8 available processors)

Solution count 10: 264.715 265.284 266.529 ... 371.202

Optimal solution found (tolerance 1.00e-04)
Best objective 2.647148571027e+02, best bound 2.647148571027e+02, gap 0.0000%

Gurobi 8.1.0 (linux64, Python) logging started Sun Dec  2 11:38:49 2018

Optimize a model with 543 rows, 960 columns and 5475 nonzeros
Variable types: 0 continuous, 960 integer (960 binary)
Coefficient statistics:
  Matrix range     [6e-02, 3e+01]
  Objective range  [8e+00, 6e+01]
  Bounds range     [1e+00, 1e+00]
  RHS range        [1e+00, 9e+01]
Presolve removed 141 rows and 30 columns
Presolve time: 0.01s
Presolved: 402 rows, 930 columns, 4395 nonzeros
Variable types: 0 continuous, 930 integer (930 binary)

Root relaxation: objective 2.174354e+02, 327 iterations, 0.01 seconds

    Nodes    |    Current Node    |     Objective Bounds      |     Work
 Expl Unexpl |  Obj  Depth IntInf | Incumbent    BestBd   Gap | It/Node Time

     0     0  217.43539    0   48          -  217.43539      -     -    0s
H    0     0                     371.2015664  217.43539  41.4%     -    0s
     0     0  244.76656    0   41  371.20157  244.76656  34.1%     -    0s
H    0     0                     326.7893408  244.76656  25.1%     -    0s
     0     0  246.44905    0   44  326.78934  246.44905  24.6%     -    0s
H    0     0                     318.5755639  246.44905  22.6%     -    0s
     0     0  246.44905    0   76  318.57556  246.44905  22.6%     -    0s
     0     0  248.79604    0   62  318.57556  248.79604  21.9%     -    0s
     0     0  248.79604    0   56  318.57556  248.79604  21.9%     -    0s
     0     0  248.79604    0   56  318.57556  248.79604  21.9%     -    0s
     0     0  248.79604    0   54  318.57556  248.79604  21.9%     -    0s
H    0     0                     312.1096306  248.79604  20.3%     -    0s
     0     0  248.79604    0   55  312.10963  248.79604  20.3%     -    0s
     0     0  248.79604    0   40  312.10963  248.79604  20.3%     -    0s
     0     0  248.79604    0   46  312.10963  248.79604  20.3%     -    0s
     0     0  248.79604    0   38  312.10963  248.79604  20.3%     -    0s
     0     0  248.79604    0   38  312.10963  248.79604  20.3%     -    0s
     0     2  248.79604    0   38  312.10963  248.79604  20.3%     -    0s
H   29    30                     295.7547755  249.56589  15.6%  70.4    0s
H   31    32                     272.6021671  249.56589  8.45%  68.9    0s
H   70    59                     267.9122343  249.56589  6.85%  45.0    0s
*  558   296              16     266.5294154  250.41045  6.05%  17.7    0s
H  994   440                     265.2841878  251.75198  5.10%  16.7    1s
H 2958   786                     264.7148571  253.04622  4.41%  16.1    3s

Cutting planes:
  Gomory: 5
  Cover: 6
  Implied bound: 3
  StrongCG: 2
  GUB cover: 1
  Inf proof: 2
  Zero half: 7

Explored 6200 nodes (89463 simplex iterations) in 4.08 seconds
Thread count was 8 (of 8 available processors)

Solution count 10: 264.715 265.284 266.529 ... 371.202

Optimal solution found (tolerance 1.00e-04)
Best objective 2.647148571027e+02, best bound 2.647148571027e+02, gap 0.0000%
Error: it isn't a multi-objective model
Error: it isn't a multi-objective model
Error: it isn't a multi-objective model

Gurobi 8.1.0 (linux64, Python) logging started Sun Dec  2 11:41:58 2018

Optimize a model with 543 rows, 960 columns and 5475 nonzeros
Variable types: 0 continuous, 960 integer (960 binary)
Coefficient statistics:
  Matrix range     [6e-02, 3e+01]
  Objective range  [8e+00, 6e+01]
  Bounds range     [1e+00, 1e+00]
  RHS range        [1e+00, 9e+01]
Presolve removed 141 rows and 30 columns
Presolve time: 0.01s
Presolved: 402 rows, 930 columns, 4395 nonzeros
Variable types: 0 continuous, 930 integer (930 binary)

Root relaxation: objective 2.174354e+02, 327 iterations, 0.01 seconds

    Nodes    |    Current Node    |     Objective Bounds      |     Work
 Expl Unexpl |  Obj  Depth IntInf | Incumbent    BestBd   Gap | It/Node Time

     0     0  217.43539    0   48          -  217.43539      -     -    0s
H    0     0                     371.2015664  217.43539  41.4%     -    0s
     0     0  244.76656    0   41  371.20157  244.76656  34.1%     -    0s
H    0     0                     326.7893408  244.76656  25.1%     -    0s
     0     0  246.44905    0   44  326.78934  246.44905  24.6%     -    0s
H    0     0                     318.5755639  246.44905  22.6%     -    0s
     0     0  246.44905    0   76  318.57556  246.44905  22.6%     -    0s
     0     0  248.79604    0   62  318.57556  248.79604  21.9%     -    0s
     0     0  248.79604    0   56  318.57556  248.79604  21.9%     -    0s
     0     0  248.79604    0   56  318.57556  248.79604  21.9%     -    0s
     0     0  248.79604    0   54  318.57556  248.79604  21.9%     -    0s
H    0     0                     312.1096306  248.79604  20.3%     -    0s
     0     0  248.79604    0   55  312.10963  248.79604  20.3%     -    0s
     0     0  248.79604    0   40  312.10963  248.79604  20.3%     -    0s
     0     0  248.79604    0   46  312.10963  248.79604  20.3%     -    0s
     0     0  248.79604    0   38  312.10963  248.79604  20.3%     -    0s
     0     0  248.79604    0   38  312.10963  248.79604  20.3%     -    0s
     0     2  248.79604    0   38  312.10963  248.79604  20.3%     -    0s
H   29    30                     295.7547755  249.56589  15.6%  70.4    0s
H   31    32                     272.6021671  249.56589  8.45%  68.9    0s
H   70    59                     267.9122343  249.56589  6.85%  45.0    0s
*  558   296              16     266.5294154  250.41045  6.05%  17.7    0s
H  994   440                     265.2841878  251.75198  5.10%  16.7    1s
H 2958   786                     264.7148571  253.04622  4.41%  16.1    3s

Cutting planes:
  Gomory: 5
  Cover: 6
  Implied bound: 3
  StrongCG: 2
  GUB cover: 1
  Inf proof: 2
  Zero half: 7

Explored 6200 nodes (89463 simplex iterations) in 3.98 seconds
Thread count was 8 (of 8 available processors)

Solution count 10: 264.715 265.284 266.529 ... 371.202

Optimal solution found (tolerance 1.00e-04)
Best objective 2.647148571027e+02, best bound 2.647148571027e+02, gap 0.0000%

Gurobi 8.1.0 (linux64, Python) logging started Sun Dec  2 11:42:10 2018

Optimize a model with 543 rows, 960 columns and 5475 nonzeros
Variable types: 0 continuous, 960 integer (960 binary)
Coefficient statistics:
  Matrix range     [6e-02, 3e+01]
  Objective range  [8e+00, 6e+01]
  Bounds range     [1e+00, 1e+00]
  RHS range        [1e+00, 9e+01]
Presolve removed 141 rows and 30 columns
Presolve time: 0.01s
Presolved: 402 rows, 930 columns, 4395 nonzeros
Variable types: 0 continuous, 930 integer (930 binary)

Root relaxation: objective 2.174354e+02, 327 iterations, 0.01 seconds

    Nodes    |    Current Node    |     Objective Bounds      |     Work
 Expl Unexpl |  Obj  Depth IntInf | Incumbent    BestBd   Gap | It/Node Time

     0     0  217.43539    0   48          -  217.43539      -     -    0s
H    0     0                     371.2015664  217.43539  41.4%     -    0s
     0     0  244.76656    0   41  371.20157  244.76656  34.1%     -    0s
H    0     0                     326.7893408  244.76656  25.1%     -    0s
     0     0  246.44905    0   44  326.78934  246.44905  24.6%     -    0s
H    0     0                     318.5755639  246.44905  22.6%     -    0s
     0     0  246.44905    0   76  318.57556  246.44905  22.6%     -    0s
     0     0  248.79604    0   62  318.57556  248.79604  21.9%     -    0s
     0     0  248.79604    0   56  318.57556  248.79604  21.9%     -    0s
     0     0  248.79604    0   56  318.57556  248.79604  21.9%     -    0s
     0     0  248.79604    0   54  318.57556  248.79604  21.9%     -    0s
H    0     0                     312.1096306  248.79604  20.3%     -    0s
     0     0  248.79604    0   55  312.10963  248.79604  20.3%     -    0s
     0     0  248.79604    0   40  312.10963  248.79604  20.3%     -    0s
     0     0  248.79604    0   46  312.10963  248.79604  20.3%     -    0s
     0     0  248.79604    0   38  312.10963  248.79604  20.3%     -    0s
     0     0  248.79604    0   38  312.10963  248.79604  20.3%     -    0s
     0     2  248.79604    0   38  312.10963  248.79604  20.3%     -    0s
H   29    30                     295.7547755  249.56589  15.6%  70.4    0s
H   31    32                     272.6021671  249.56589  8.45%  68.9    0s
H   70    59                     267.9122343  249.56589  6.85%  45.0    0s
*  558   296              16     266.5294154  250.41045  6.05%  17.7    0s
H  994   440                     265.2841878  251.75198  5.10%  16.7    1s
H 2958   786                     264.7148571  253.04622  4.41%  16.1    3s

Cutting planes:
  Gomory: 5
  Cover: 6
  Implied bound: 3
  StrongCG: 2
  GUB cover: 1
  Inf proof: 2
  Zero half: 7

Explored 6200 nodes (89463 simplex iterations) in 4.00 seconds
Thread count was 8 (of 8 available processors)

Solution count 10: 264.715 265.284 266.529 ... 371.202

Optimal solution found (tolerance 1.00e-04)
Best objective 2.647148571027e+02, best bound 2.647148571027e+02, gap 0.0000%

Gurobi 8.1.0 (linux64, Python) logging started Sun Dec  2 11:44:43 2018

Optimize a model with 543 rows, 960 columns and 5475 nonzeros
Variable types: 0 continuous, 960 integer (960 binary)
Coefficient statistics:
  Matrix range     [6e-02, 3e+01]
  Objective range  [8e+00, 6e+01]
  Bounds range     [1e+00, 1e+00]
  RHS range        [1e+00, 9e+01]
Presolve removed 141 rows and 30 columns
Presolve time: 0.01s
Presolved: 402 rows, 930 columns, 4395 nonzeros
Variable types: 0 continuous, 930 integer (930 binary)

Root relaxation: objective 2.174354e+02, 327 iterations, 0.01 seconds

    Nodes    |    Current Node    |     Objective Bounds      |     Work
 Expl Unexpl |  Obj  Depth IntInf | Incumbent    BestBd   Gap | It/Node Time

     0     0  217.43539    0   48          -  217.43539      -     -    0s
H    0     0                     371.2015664  217.43539  41.4%     -    0s
     0     0  244.76656    0   41  371.20157  244.76656  34.1%     -    0s
H    0     0                     326.7893408  244.76656  25.1%     -    0s
     0     0  246.44905    0   44  326.78934  246.44905  24.6%     -    0s
H    0     0                     318.5755639  246.44905  22.6%     -    0s
     0     0  246.44905    0   76  318.57556  246.44905  22.6%     -    0s
     0     0  248.79604    0   62  318.57556  248.79604  21.9%     -    0s
     0     0  248.79604    0   56  318.57556  248.79604  21.9%     -    0s
     0     0  248.79604    0   56  318.57556  248.79604  21.9%     -    0s
     0     0  248.79604    0   54  318.57556  248.79604  21.9%     -    0s
H    0     0                     312.1096306  248.79604  20.3%     -    0s
     0     0  248.79604    0   55  312.10963  248.79604  20.3%     -    0s
     0     0  248.79604    0   40  312.10963  248.79604  20.3%     -    0s
     0     0  248.79604    0   46  312.10963  248.79604  20.3%     -    0s
     0     0  248.79604    0   38  312.10963  248.79604  20.3%     -    0s
     0     0  248.79604    0   38  312.10963  248.79604  20.3%     -    0s
     0     2  248.79604    0   38  312.10963  248.79604  20.3%     -    0s
H   29    30                     295.7547755  249.56589  15.6%  70.4    0s
H   31    32                     272.6021671  249.56589  8.45%  68.9    0s
H   70    59                     267.9122343  249.56589  6.85%  45.0    0s
*  558   296              16     266.5294154  250.41045  6.05%  17.7    0s
H  994   440                     265.2841878  251.75198  5.10%  16.7    1s
H 2958   786                     264.7148571  253.04622  4.41%  16.1    3s

Cutting planes:
  Gomory: 5
  Cover: 6
  Implied bound: 3
  StrongCG: 2
  GUB cover: 1
  Inf proof: 2
  Zero half: 7

Explored 6200 nodes (89463 simplex iterations) in 4.06 seconds
Thread count was 8 (of 8 available processors)

Solution count 10: 264.715 265.284 266.529 ... 371.202

Optimal solution found (tolerance 1.00e-04)
Best objective 2.647148571027e+02, best bound 2.647148571027e+02, gap 0.0000%

Gurobi 8.1.0 (linux64, Python) logging started Sun Dec  2 11:46:39 2018

Optimize a model with 543 rows, 960 columns and 5475 nonzeros
Variable types: 0 continuous, 960 integer (960 binary)
Coefficient statistics:
  Matrix range     [6e-02, 3e+01]
  Objective range  [8e+00, 6e+01]
  Bounds range     [1e+00, 1e+00]
  RHS range        [1e+00, 9e+01]
Presolve removed 141 rows and 30 columns
Presolve time: 0.01s
Presolved: 402 rows, 930 columns, 4395 nonzeros
Variable types: 0 continuous, 930 integer (930 binary)

Root relaxation: objective 2.174354e+02, 327 iterations, 0.01 seconds

    Nodes    |    Current Node    |     Objective Bounds      |     Work
 Expl Unexpl |  Obj  Depth IntInf | Incumbent    BestBd   Gap | It/Node Time

     0     0  217.43539    0   48          -  217.43539      -     -    0s
H    0     0                     371.2015664  217.43539  41.4%     -    0s
     0     0  244.76656    0   41  371.20157  244.76656  34.1%     -    0s
H    0     0                     326.7893408  244.76656  25.1%     -    0s
     0     0  246.44905    0   44  326.78934  246.44905  24.6%     -    0s
H    0     0                     318.5755639  246.44905  22.6%     -    0s
     0     0  246.44905    0   76  318.57556  246.44905  22.6%     -    0s
     0     0  248.79604    0   62  318.57556  248.79604  21.9%     -    0s
     0     0  248.79604    0   56  318.57556  248.79604  21.9%     -    0s
     0     0  248.79604    0   56  318.57556  248.79604  21.9%     -    0s
     0     0  248.79604    0   54  318.57556  248.79604  21.9%     -    0s
H    0     0                     312.1096306  248.79604  20.3%     -    0s
     0     0  248.79604    0   55  312.10963  248.79604  20.3%     -    0s
     0     0  248.79604    0   40  312.10963  248.79604  20.3%     -    0s
     0     0  248.79604    0   46  312.10963  248.79604  20.3%     -    0s
     0     0  248.79604    0   38  312.10963  248.79604  20.3%     -    0s
     0     0  248.79604    0   38  312.10963  248.79604  20.3%     -    0s
     0     2  248.79604    0   38  312.10963  248.79604  20.3%     -    0s
H   29    30                     295.7547755  249.56589  15.6%  70.4    0s
H   31    32                     272.6021671  249.56589  8.45%  68.9    0s
H   70    59                     267.9122343  249.56589  6.85%  45.0    0s
*  558   296              16     266.5294154  250.41045  6.05%  17.7    1s
H  994   440                     265.2841878  251.75198  5.10%  16.7    1s
H 2958   786                     264.7148571  253.04622  4.41%  16.1    3s

Cutting planes:
  Gomory: 5
  Cover: 6
  Implied bound: 3
  StrongCG: 2
  GUB cover: 1
  Inf proof: 2
  Zero half: 7

Explored 6200 nodes (89463 simplex iterations) in 4.07 seconds
Thread count was 8 (of 8 available processors)

Solution count 10: 264.715 265.284 266.529 ... 371.202

Optimal solution found (tolerance 1.00e-04)
Best objective 2.647148571027e+02, best bound 2.647148571027e+02, gap 0.0000%

Gurobi 8.1.0 (linux64, Python) logging started Sun Dec  2 11:47:43 2018

Optimize a model with 543 rows, 960 columns and 5475 nonzeros
Variable types: 0 continuous, 960 integer (960 binary)
Coefficient statistics:
  Matrix range     [6e-02, 3e+01]
  Objective range  [8e+00, 6e+01]
  Bounds range     [1e+00, 1e+00]
  RHS range        [1e+00, 9e+01]
Presolve removed 141 rows and 30 columns
Presolve time: 0.01s
Presolved: 402 rows, 930 columns, 4395 nonzeros
Variable types: 0 continuous, 930 integer (930 binary)

Root relaxation: objective 2.174354e+02, 327 iterations, 0.01 seconds

    Nodes    |    Current Node    |     Objective Bounds      |     Work
 Expl Unexpl |  Obj  Depth IntInf | Incumbent    BestBd   Gap | It/Node Time

     0     0  217.43539    0   48          -  217.43539      -     -    0s
H    0     0                     371.2015664  217.43539  41.4%     -    0s
     0     0  244.76656    0   41  371.20157  244.76656  34.1%     -    0s
H    0     0                     326.7893408  244.76656  25.1%     -    0s
     0     0  246.44905    0   44  326.78934  246.44905  24.6%     -    0s
H    0     0                     318.5755639  246.44905  22.6%     -    0s
     0     0  246.44905    0   76  318.57556  246.44905  22.6%     -    0s
     0     0  248.79604    0   62  318.57556  248.79604  21.9%     -    0s
     0     0  248.79604    0   56  318.57556  248.79604  21.9%     -    0s
     0     0  248.79604    0   56  318.57556  248.79604  21.9%     -    0s
     0     0  248.79604    0   54  318.57556  248.79604  21.9%     -    0s
H    0     0                     312.1096306  248.79604  20.3%     -    0s
     0     0  248.79604    0   55  312.10963  248.79604  20.3%     -    0s
     0     0  248.79604    0   40  312.10963  248.79604  20.3%     -    0s
     0     0  248.79604    0   46  312.10963  248.79604  20.3%     -    0s
     0     0  248.79604    0   38  312.10963  248.79604  20.3%     -    0s
     0     0  248.79604    0   38  312.10963  248.79604  20.3%     -    0s
     0     2  248.79604    0   38  312.10963  248.79604  20.3%     -    0s
H   29    30                     295.7547755  249.56589  15.6%  70.4    0s
H   31    32                     272.6021671  249.56589  8.45%  68.9    0s
H   70    59                     267.9122343  249.56589  6.85%  45.0    0s
*  558   296              16     266.5294154  250.41045  6.05%  17.7    1s
H  994   440                     265.2841878  251.75198  5.10%  16.7    1s
H 2958   786                     264.7148571  253.04622  4.41%  16.1    3s

Cutting planes:
  Gomory: 5
  Cover: 6
  Implied bound: 3
  StrongCG: 2
  GUB cover: 1
  Inf proof: 2
  Zero half: 7

Explored 6200 nodes (89463 simplex iterations) in 4.05 seconds
Thread count was 8 (of 8 available processors)

Solution count 10: 264.715 265.284 266.529 ... 371.202

Optimal solution found (tolerance 1.00e-04)
Best objective 2.647148571027e+02, best bound 2.647148571027e+02, gap 0.0000%

Gurobi 8.1.0 (linux64, Python) logging started Sun Dec  2 12:59:13 2018

Optimize a model with 543 rows, 960 columns and 5475 nonzeros
Variable types: 0 continuous, 960 integer (960 binary)
Coefficient statistics:
  Matrix range     [6e-02, 3e+01]
  Objective range  [8e+00, 6e+01]
  Bounds range     [1e+00, 1e+00]
  RHS range        [1e+00, 9e+01]
Presolve removed 141 rows and 30 columns
Presolve time: 0.01s
Presolved: 402 rows, 930 columns, 4395 nonzeros
Variable types: 0 continuous, 930 integer (930 binary)

Root relaxation: objective 2.174354e+02, 327 iterations, 0.01 seconds

    Nodes    |    Current Node    |     Objective Bounds      |     Work
 Expl Unexpl |  Obj  Depth IntInf | Incumbent    BestBd   Gap | It/Node Time

     0     0  217.43539    0   48          -  217.43539      -     -    0s
H    0     0                     371.2015664  217.43539  41.4%     -    0s
     0     0  244.76656    0   41  371.20157  244.76656  34.1%     -    0s
H    0     0                     326.7893408  244.76656  25.1%     -    0s
     0     0  246.44905    0   44  326.78934  246.44905  24.6%     -    0s
H    0     0                     318.5755639  246.44905  22.6%     -    0s
     0     0  246.44905    0   76  318.57556  246.44905  22.6%     -    0s
     0     0  248.79604    0   62  318.57556  248.79604  21.9%     -    0s
     0     0  248.79604    0   56  318.57556  248.79604  21.9%     -    0s
     0     0  248.79604    0   56  318.57556  248.79604  21.9%     -    0s
     0     0  248.79604    0   54  318.57556  248.79604  21.9%     -    0s
H    0     0                     312.1096306  248.79604  20.3%     -    0s
     0     0  248.79604    0   55  312.10963  248.79604  20.3%     -    0s
     0     0  248.79604    0   40  312.10963  248.79604  20.3%     -    0s
     0     0  248.79604    0   46  312.10963  248.79604  20.3%     -    0s
     0     0  248.79604    0   38  312.10963  248.79604  20.3%     -    0s
     0     0  248.79604    0   38  312.10963  248.79604  20.3%     -    0s
     0     2  248.79604    0   38  312.10963  248.79604  20.3%     -    0s
H   29    30                     295.7547755  249.56589  15.6%  70.4    0s
H   31    32                     272.6021671  249.56589  8.45%  68.9    0s
H   70    59                     267.9122343  249.56589  6.85%  45.0    0s
*  558   296              16     266.5294154  250.41045  6.05%  17.7    0s
H  994   440                     265.2841878  251.75198  5.10%  16.7    1s
H 2958   786                     264.7148571  253.04622  4.41%  16.1    3s

Cutting planes:
  Gomory: 5
  Cover: 6
  Implied bound: 3
  StrongCG: 2
  GUB cover: 1
  Inf proof: 2
  Zero half: 7

Explored 6200 nodes (89463 simplex iterations) in 4.02 seconds
Thread count was 8 (of 8 available processors)

Solution count 10: 264.715 265.284 266.529 ... 371.202

Optimal solution found (tolerance 1.00e-04)
Best objective 2.647148571027e+02, best bound 2.647148571027e+02, gap 0.0000%

Gurobi 8.1.0 (linux64, Python) logging started Sun Dec  2 13:02:58 2018

Optimize a model with 543 rows, 960 columns and 5475 nonzeros
Variable types: 0 continuous, 960 integer (960 binary)
Coefficient statistics:
  Matrix range     [6e-02, 3e+01]
  Objective range  [8e+00, 6e+01]
  Bounds range     [1e+00, 1e+00]
  RHS range        [1e+00, 9e+01]
Presolve removed 141 rows and 30 columns
Presolve time: 0.01s
Presolved: 402 rows, 930 columns, 4395 nonzeros
Variable types: 0 continuous, 930 integer (930 binary)

Root relaxation: objective 2.174354e+02, 327 iterations, 0.01 seconds

    Nodes    |    Current Node    |     Objective Bounds      |     Work
 Expl Unexpl |  Obj  Depth IntInf | Incumbent    BestBd   Gap | It/Node Time

     0     0  217.43539    0   48          -  217.43539      -     -    0s
H    0     0                     371.2015664  217.43539  41.4%     -    0s
     0     0  244.76656    0   41  371.20157  244.76656  34.1%     -    0s
H    0     0                     326.7893408  244.76656  25.1%     -    0s
     0     0  246.44905    0   44  326.78934  246.44905  24.6%     -    0s
H    0     0                     318.5755639  246.44905  22.6%     -    0s
     0     0  246.44905    0   76  318.57556  246.44905  22.6%     -    0s
     0     0  248.79604    0   62  318.57556  248.79604  21.9%     -    0s
     0     0  248.79604    0   56  318.57556  248.79604  21.9%     -    0s
     0     0  248.79604    0   56  318.57556  248.79604  21.9%     -    0s
     0     0  248.79604    0   54  318.57556  248.79604  21.9%     -    0s
H    0     0                     312.1096306  248.79604  20.3%     -    0s
     0     0  248.79604    0   55  312.10963  248.79604  20.3%     -    0s
     0     0  248.79604    0   40  312.10963  248.79604  20.3%     -    0s
     0     0  248.79604    0   46  312.10963  248.79604  20.3%     -    0s
     0     0  248.79604    0   38  312.10963  248.79604  20.3%     -    0s
     0     0  248.79604    0   38  312.10963  248.79604  20.3%     -    0s
     0     2  248.79604    0   38  312.10963  248.79604  20.3%     -    0s
H   29    30                     295.7547755  249.56589  15.6%  70.4    0s
H   31    32                     272.6021671  249.56589  8.45%  68.9    0s
H   70    59                     267.9122343  249.56589  6.85%  45.0    0s
*  558   296              16     266.5294154  250.41045  6.05%  17.7    0s
H  994   440                     265.2841878  251.75198  5.10%  16.7    1s
H 2958   786                     264.7148571  253.04622  4.41%  16.1    3s

Cutting planes:
  Gomory: 5
  Cover: 6
  Implied bound: 3
  StrongCG: 2
  GUB cover: 1
  Inf proof: 2
  Zero half: 7

Explored 6200 nodes (89463 simplex iterations) in 3.99 seconds
Thread count was 8 (of 8 available processors)

Solution count 10: 264.715 265.284 266.529 ... 371.202

Optimal solution found (tolerance 1.00e-04)
Best objective 2.647148571027e+02, best bound 2.647148571027e+02, gap 0.0000%

Gurobi 8.1.0 (linux64, Python) logging started Sun Dec  2 13:04:19 2018

Optimize a model with 543 rows, 960 columns and 5475 nonzeros
Variable types: 0 continuous, 960 integer (960 binary)
Coefficient statistics:
  Matrix range     [6e-02, 3e+01]
  Objective range  [8e+00, 6e+01]
  Bounds range     [1e+00, 1e+00]
  RHS range        [1e+00, 9e+01]
Presolve removed 141 rows and 30 columns
Presolve time: 0.01s
Presolved: 402 rows, 930 columns, 4395 nonzeros
Variable types: 0 continuous, 930 integer (930 binary)

Root relaxation: objective 2.174354e+02, 327 iterations, 0.01 seconds

    Nodes    |    Current Node    |     Objective Bounds      |     Work
 Expl Unexpl |  Obj  Depth IntInf | Incumbent    BestBd   Gap | It/Node Time

     0     0  217.43539    0   48          -  217.43539      -     -    0s
H    0     0                     371.2015664  217.43539  41.4%     -    0s
     0     0  244.76656    0   41  371.20157  244.76656  34.1%     -    0s
H    0     0                     326.7893408  244.76656  25.1%     -    0s
     0     0  246.44905    0   44  326.78934  246.44905  24.6%     -    0s
H    0     0                     318.5755639  246.44905  22.6%     -    0s
     0     0  246.44905    0   76  318.57556  246.44905  22.6%     -    0s
     0     0  248.79604    0   62  318.57556  248.79604  21.9%     -    0s
     0     0  248.79604    0   56  318.57556  248.79604  21.9%     -    0s
     0     0  248.79604    0   56  318.57556  248.79604  21.9%     -    0s
     0     0  248.79604    0   54  318.57556  248.79604  21.9%     -    0s
H    0     0                     312.1096306  248.79604  20.3%     -    0s
     0     0  248.79604    0   55  312.10963  248.79604  20.3%     -    0s
     0     0  248.79604    0   40  312.10963  248.79604  20.3%     -    0s
     0     0  248.79604    0   46  312.10963  248.79604  20.3%     -    0s
     0     0  248.79604    0   38  312.10963  248.79604  20.3%     -    0s
     0     0  248.79604    0   38  312.10963  248.79604  20.3%     -    0s
     0     2  248.79604    0   38  312.10963  248.79604  20.3%     -    0s
H   29    30                     295.7547755  249.56589  15.6%  70.4    0s
H   31    32                     272.6021671  249.56589  8.45%  68.9    0s
H   70    59                     267.9122343  249.56589  6.85%  45.0    0s
*  558   296              16     266.5294154  250.41045  6.05%  17.7    0s
H  994   440                     265.2841878  251.75198  5.10%  16.7    1s
H 2958   786                     264.7148571  253.04622  4.41%  16.1    3s

Cutting planes:
  Gomory: 5
  Cover: 6
  Implied bound: 3
  StrongCG: 2
  GUB cover: 1
  Inf proof: 2
  Zero half: 7

Explored 6200 nodes (89463 simplex iterations) in 3.97 seconds
Thread count was 8 (of 8 available processors)

Solution count 10: 264.715 265.284 266.529 ... 371.202

Optimal solution found (tolerance 1.00e-04)
Best objective 2.647148571027e+02, best bound 2.647148571027e+02, gap 0.0000%

Gurobi 8.1.0 (linux64, Python) logging started Sun Dec  2 13:04:35 2018

Optimize a model with 543 rows, 960 columns and 5475 nonzeros
Variable types: 0 continuous, 960 integer (960 binary)
Coefficient statistics:
  Matrix range     [6e-02, 3e+01]
  Objective range  [8e+00, 6e+01]
  Bounds range     [1e+00, 1e+00]
  RHS range        [1e+00, 9e+01]
Presolve removed 141 rows and 30 columns
Presolve time: 0.01s
Presolved: 402 rows, 930 columns, 4395 nonzeros
Variable types: 0 continuous, 930 integer (930 binary)

Root relaxation: objective 2.174354e+02, 327 iterations, 0.01 seconds

    Nodes    |    Current Node    |     Objective Bounds      |     Work
 Expl Unexpl |  Obj  Depth IntInf | Incumbent    BestBd   Gap | It/Node Time

     0     0  217.43539    0   48          -  217.43539      -     -    0s
H    0     0                     371.2015664  217.43539  41.4%     -    0s
     0     0  244.76656    0   41  371.20157  244.76656  34.1%     -    0s
H    0     0                     326.7893408  244.76656  25.1%     -    0s
     0     0  246.44905    0   44  326.78934  246.44905  24.6%     -    0s
H    0     0                     318.5755639  246.44905  22.6%     -    0s
     0     0  246.44905    0   76  318.57556  246.44905  22.6%     -    0s
     0     0  248.79604    0   62  318.57556  248.79604  21.9%     -    0s
     0     0  248.79604    0   56  318.57556  248.79604  21.9%     -    0s
     0     0  248.79604    0   56  318.57556  248.79604  21.9%     -    0s
     0     0  248.79604    0   54  318.57556  248.79604  21.9%     -    0s
H    0     0                     312.1096306  248.79604  20.3%     -    0s
     0     0  248.79604    0   55  312.10963  248.79604  20.3%     -    0s
     0     0  248.79604    0   40  312.10963  248.79604  20.3%     -    0s
     0     0  248.79604    0   46  312.10963  248.79604  20.3%     -    0s
     0     0  248.79604    0   38  312.10963  248.79604  20.3%     -    0s
     0     0  248.79604    0   38  312.10963  248.79604  20.3%     -    0s
     0     2  248.79604    0   38  312.10963  248.79604  20.3%     -    0s
H   29    30                     295.7547755  249.56589  15.6%  70.4    0s
H   31    32                     272.6021671  249.56589  8.45%  68.9    0s
H   70    59                     267.9122343  249.56589  6.85%  45.0    0s
*  558   296              16     266.5294154  250.41045  6.05%  17.7    0s
H  994   440                     265.2841878  251.75198  5.10%  16.7    1s
H 2958   786                     264.7148571  253.04622  4.41%  16.1    3s

Cutting planes:
  Gomory: 5
  Cover: 6
  Implied bound: 3
  StrongCG: 2
  GUB cover: 1
  Inf proof: 2
  Zero half: 7

Explored 6200 nodes (89463 simplex iterations) in 4.05 seconds
Thread count was 8 (of 8 available processors)

Solution count 10: 264.715 265.284 266.529 ... 371.202

Optimal solution found (tolerance 1.00e-04)
Best objective 2.647148571027e+02, best bound 2.647148571027e+02, gap 0.0000%

Gurobi 8.1.0 (linux64, Python) logging started Sun Dec  2 14:35:47 2018


Gurobi 8.1.0 (linux64, Python) logging started Sun Dec  2 14:36:31 2018


Gurobi 8.1.0 (linux64, Python) logging started Sun Dec  2 14:36:33 2018


Gurobi 8.1.0 (linux64, Python) logging started Sun Dec  2 14:36:49 2018

Optimize a model with 88 rows, 100 columns and 596 nonzeros
Variable types: 0 continuous, 100 integer (100 binary)
Coefficient statistics:
  Matrix range     [2e-01, 3e+00]
  Objective range  [1e+01, 3e+01]
  Bounds range     [1e+00, 1e+00]
  RHS range        [1e+00, 1e+01]
Presolve removed 28 rows and 6 columns
Presolve time: 0.00s

Explored 0 nodes (0 simplex iterations) in 0.00 seconds
Thread count was 1 (of 8 available processors)

Solution count 0

Model is infeasible
Best objective -, best bound -, gap -

Gurobi 8.1.0 (linux64, Python) logging started Sun Dec  2 14:39:06 2018

Optimize a model with 88 rows, 100 columns and 596 nonzeros
Variable types: 0 continuous, 100 integer (100 binary)
Coefficient statistics:
  Matrix range     [2e-01, 3e+00]
  Objective range  [1e+01, 3e+01]
  Bounds range     [1e+00, 1e+00]
  RHS range        [1e+00, 1e+01]
Presolve removed 26 rows and 0 columns
Presolve time: 0.00s
Presolved: 62 rows, 100 columns, 448 nonzeros
Variable types: 0 continuous, 100 integer (100 binary)

Root relaxation: objective 6.650282e+01, 75 iterations, 0.00 seconds

    Nodes    |    Current Node    |     Objective Bounds      |     Work
 Expl Unexpl |  Obj  Depth IntInf | Incumbent    BestBd   Gap | It/Node Time

     0     0   66.50282    0   10          -   66.50282      -     -    0s
H    0     0                      82.4264069   66.50282  19.3%     -    0s
H    0     0                      68.2842712   66.50282  2.61%     -    0s
     0     0   66.50282    0   35   68.28427   66.50282  2.61%     -    0s
     0     0   66.50282    0   29   68.28427   66.50282  2.61%     -    0s
     0     0   67.09663    0   29   68.28427   67.09663  1.74%     -    0s
     0     0   67.39354    0   24   68.28427   67.39354  1.30%     -    0s
     0     0   67.39354    0   26   68.28427   67.39354  1.30%     -    0s
     0     0   67.39354    0   27   68.28427   67.39354  1.30%     -    0s
     0     0   67.39354    0   16   68.28427   67.39354  1.30%     -    0s
     0     0   67.39354    0   16   68.28427   67.39354  1.30%     -    0s
     0     0   67.39354    0   16   68.28427   67.39354  1.30%     -    0s

Explored 1 nodes (334 simplex iterations) in 0.04 seconds
Thread count was 8 (of 8 available processors)

Solution count 3: 68.2843 68.2843 82.4264 

Optimal solution found (tolerance 1.00e-04)
Best objective 6.828427124746e+01, best bound 6.828427124746e+01, gap 0.0000%

Gurobi 8.1.0 (linux64, Python) logging started Sun Dec  2 14:39:50 2018

Optimize a model with 738 rows, 960 columns and 5895 nonzeros
Variable types: 0 continuous, 960 integer (960 binary)
Coefficient statistics:
  Matrix range     [6e-02, 3e+01]
  Objective range  [8e+00, 6e+01]
  Bounds range     [1e+00, 1e+00]
  RHS range        [1e+00, 9e+01]
Presolve removed 321 rows and 0 columns
Presolve time: 0.01s
Presolved: 417 rows, 960 columns, 4455 nonzeros
Variable types: 0 continuous, 960 integer (960 binary)

Root relaxation: objective 2.174354e+02, 423 iterations, 0.01 seconds

    Nodes    |    Current Node    |     Objective Bounds      |     Work
 Expl Unexpl |  Obj  Depth IntInf | Incumbent    BestBd   Gap | It/Node Time

     0     0  217.43539    0   66          -  217.43539      -     -    0s
H    0     0                     414.9662814  217.43539  47.6%     -    0s
     0     0  246.44905    0   60  414.96628  246.44905  40.6%     -    0s
     0     0  246.44905    0   62  414.96628  246.44905  40.6%     -    0s
     0     0  246.44905    0   64  414.96628  246.44905  40.6%     -    0s
     0     0  246.44905    0   67  414.96628  246.44905  40.6%     -    0s
     0     0  246.44905    0   64  414.96628  246.44905  40.6%     -    0s
     0     2  246.44905    0   64  414.96628  246.44905  40.6%     -    0s
H   34    33                     400.8267773  246.68936  38.5%  35.4    0s
H   35    34                     349.9185830  246.68936  29.5%  35.9    0s
H   69    71                     335.7790789  246.68936  26.5%  53.3    0s
H  138   135                     302.0550925  246.68936  18.3%  52.5    1s
H  231   158                     274.5162657  246.96748  10.0%  44.7    1s
H  832   379                     266.5294154  249.04814  6.56%  32.0    2s
H 1047   447                     265.2841878  249.25795  6.04%  30.8    2s
H 1177   460                     265.2841819  249.37521  6.00%  35.4    3s
* 2564   406              33     264.7148571  254.38220  3.90%  29.7    3s
H 4372   454                     264.7148479  257.12515  2.87%  25.5    4s
  5245   253  260.62449   19   56  264.71485  258.95463  2.18%  24.3    5s

Cutting planes:
  Gomory: 14
  Cover: 1
  Implied bound: 3
  MIR: 6
  StrongCG: 1
  Flow cover: 4
  GUB cover: 2
  Inf proof: 2
  Zero half: 21

Explored 6063 nodes (140866 simplex iterations) in 5.17 seconds
Thread count was 8 (of 8 available processors)

Solution count 10: 264.715 264.715 265.284 ... 400.827

Optimal solution found (tolerance 1.00e-04)
Best objective 2.647148478783e+02, best bound 2.647148478783e+02, gap 0.0000%

Gurobi 8.1.0 (linux64, Python) logging started Sun Dec  2 14:56:52 2018


Gurobi 8.1.0 (linux64, Python) logging started Sun Dec  2 14:57:38 2018

Optimize a model with 3468 rows, 960 columns and 14085 nonzeros
Variable types: 0 continuous, 960 integer (960 binary)
Coefficient statistics:
  Matrix range     [6e-02, 3e+01]
  Objective range  [8e+00, 6e+01]
  Bounds range     [1e+00, 1e+00]
  RHS range        [1e+00, 9e+01]

Gurobi 8.1.0 (linux64, Python) logging started Sun Dec  2 14:59:13 2018

Optimize a model with 3258 rows, 960 columns and 13665 nonzeros
Variable types: 0 continuous, 960 integer (960 binary)
Coefficient statistics:
  Matrix range     [6e-02, 3e+01]
  Objective range  [8e+00, 6e+01]
  Bounds range     [1e+00, 1e+00]
  RHS range        [1e+00, 9e+01]

Gurobi 8.1.0 (linux64, Python) logging started Sun Dec  2 14:59:29 2018

Optimize a model with 3048 rows, 960 columns and 13245 nonzeros
Variable types: 0 continuous, 960 integer (960 binary)
Coefficient statistics:
  Matrix range     [6e-02, 3e+01]
  Objective range  [8e+00, 6e+01]
  Bounds range     [1e+00, 1e+00]
  RHS range        [1e+00, 9e+01]

Gurobi 8.1.0 (linux64, Python) logging started Sun Dec  2 14:59:41 2018

Optimize a model with 3000 rows, 960 columns and 11805 nonzeros
Variable types: 0 continuous, 960 integer (960 binary)
Coefficient statistics:
  Matrix range     [6e-02, 3e+01]
  Objective range  [8e+00, 6e+01]
  Bounds range     [1e+00, 1e+00]
  RHS range        [1e+00, 9e+01]

Gurobi 8.1.0 (linux64, Python) logging started Sun Dec  2 15:00:01 2018

Optimize a model with 738 rows, 960 columns and 5895 nonzeros
Variable types: 0 continuous, 960 integer (960 binary)
Coefficient statistics:
  Matrix range     [6e-02, 3e+01]
  Objective range  [8e+00, 6e+01]
  Bounds range     [1e+00, 1e+00]
  RHS range        [1e+00, 9e+01]
Presolve removed 321 rows and 0 columns
Presolve time: 0.01s
Presolved: 417 rows, 960 columns, 4455 nonzeros
Variable types: 0 continuous, 960 integer (960 binary)

Root relaxation: objective 2.174354e+02, 423 iterations, 0.01 seconds

    Nodes    |    Current Node    |     Objective Bounds      |     Work
 Expl Unexpl |  Obj  Depth IntInf | Incumbent    BestBd   Gap | It/Node Time

     0     0  217.43539    0   66          -  217.43539      -     -    0s
H    0     0                     414.9662814  217.43539  47.6%     -    0s
     0     0  246.44905    0   60  414.96628  246.44905  40.6%     -    0s
     0     0  246.44905    0   62  414.96628  246.44905  40.6%     -    0s
     0     0  246.44905    0   64  414.96628  246.44905  40.6%     -    0s
     0     0  246.44905    0   67  414.96628  246.44905  40.6%     -    0s
     0     0  246.44905    0   64  414.96628  246.44905  40.6%     -    0s
     0     2  246.44905    0   64  414.96628  246.44905  40.6%     -    0s
H   34    33                     400.8267773  246.68936  38.5%  35.4    0s
H   35    34                     349.9185830  246.68936  29.5%  35.9    0s
H   69    71                     335.7790789  246.68936  26.5%  53.3    0s
H  138   135                     302.0550925  246.68936  18.3%  52.5    1s
H  231   158                     274.5162657  246.96748  10.0%  44.7    1s
H  832   379                     266.5294154  249.04814  6.56%  32.0    2s
H 1047   447                     265.2841878  249.25795  6.04%  30.8    2s
H 1177   460                     265.2841819  249.37521  6.00%  35.4    3s
* 2564   406              33     264.7148571  254.38220  3.90%  29.7    3s
H 4372   454                     264.7148479  257.12515  2.87%  25.5    4s
  5773     3     cutoff   35       264.71485  260.03699  1.77%  23.5    5s

Cutting planes:
  Gomory: 14
  Cover: 1
  Implied bound: 3
  MIR: 6
  StrongCG: 1
  Flow cover: 4
  GUB cover: 2
  Inf proof: 2
  Zero half: 21

Explored 6063 nodes (140866 simplex iterations) in 5.04 seconds
Thread count was 8 (of 8 available processors)

Solution count 10: 264.715 264.715 265.284 ... 400.827

Optimal solution found (tolerance 1.00e-04)
Best objective 2.647148478783e+02, best bound 2.647148478783e+02, gap 0.0000%

Gurobi 8.1.0 (linux64, Python) logging started Sun Dec  2 15:00:46 2018

Optimize a model with 122083 rows, 676600 columns and 4100594 nonzeros
Variable types: 0 continuous, 676600 integer (676600 binary)
Coefficient statistics:
  Matrix range     [5e-03, 4e+01]
  Objective range  [1e+00, 9e+01]
  Bounds range     [1e+00, 1e+00]
  RHS range        [1e+00, 2e+02]
